# JRE version: Java(TM) SE Runtime Environment (8.0_25-b18) (build 1.8.0_25-b18)
# Java VM: Java HotSpot(TM) 64-Bit Server VM (25.25-b02 mixed mode windows-amd64 compressed oops)
Heap:
 PSYoungGen      total 71680K, used 21759K [0x00000000d5b80000, 0x00000000de780000, 0x0000000100000000)
  eden space 66560K, 32% used [0x00000000d5b80000,0x00000000d70bfde8,0x00000000d9c80000)
  from space 5120K, 0% used [0x00000000d9c80000,0x00000000d9c80000,0x00000000da180000)
  to   space 5120K, 0% used [0x00000000de280000,0x00000000de280000,0x00000000de780000)
 ParOldGen       total 164864K, used 77110K [0x0000000081200000, 0x000000008b300000, 0x00000000d5b80000)
  object space 164864K, 46% used [0x0000000081200000,0x0000000085d4db40,0x000000008b300000)
 Metaspace       used 11849K, capacity 12062K, committed 12288K, reserved 1060864K
  class space    used 1347K, capacity 1419K, committed 1536K, reserved 1048576K
GC Heap History (8 events):
Event: 0.889 GC heap before
{Heap before GC invocations=1 (full 0):
 PSYoungGen      total 38400K, used 29989K [0x00000000d5b80000, 0x00000000d8600000, 0x0000000100000000)
  eden space 33280K, 90% used [0x00000000d5b80000,0x00000000d78c9670,0x00000000d7c00000)
  from space 5120K, 0% used [0x00000000d8100000,0x00000000d8100000,0x00000000d8600000)
  to   space 5120K, 0% used [0x00000000d7c00000,0x00000000d7c00000,0x00000000d8100000)
 ParOldGen       total 87552K, used 0K [0x0000000081200000, 0x0000000086780000, 0x00000000d5b80000)
  object space 87552K, 0% used [0x0000000081200000,0x0000000081200000,0x0000000086780000)
 Metaspace       used 7560K, capacity 7720K, committed 7936K, reserved 1056768K
  class space    used 892K, capacity 922K, committed 1024K, reserved 1048576K
Event: 0.904 GC heap after
Heap after GC invocations=1 (full 0):
 PSYoungGen      total 38400K, used 5096K [0x00000000d5b80000, 0x00000000da680000, 0x0000000100000000)
  eden space 33280K, 0% used [0x00000000d5b80000,0x00000000d5b80000,0x00000000d7c00000)
  from space 5120K, 99% used [0x00000000d7c00000,0x00000000d80fa050,0x00000000d8100000)
  to   space 5120K, 0% used [0x00000000da180000,0x00000000da180000,0x00000000da680000)
 ParOldGen       total 87552K, used 1984K [0x0000000081200000, 0x0000000086780000, 0x00000000d5b80000)
  object space 87552K, 2% used [0x0000000081200000,0x00000000813f0208,0x0000000086780000)
 Metaspace       used 7560K, capacity 7720K, committed 7936K, reserved 1056768K
  class space    used 892K, capacity 922K, committed 1024K, reserved 1048576K
}
Event: 0.948 GC heap before
{Heap before GC invocations=2 (full 0):
 PSYoungGen      total 38400K, used 37520K [0x00000000d5b80000, 0x00000000da680000, 0x0000000100000000)
  eden space 33280K, 97% used [0x00000000d5b80000,0x00000000d7b2a2b8,0x00000000d7c00000)
  from space 5120K, 99% used [0x00000000d7c00000,0x00000000d80fa050,0x00000000d8100000)
  to   space 5120K, 0% used [0x00000000da180000,0x00000000da180000,0x00000000da680000)
 ParOldGen       total 87552K, used 1984K [0x0000000081200000, 0x0000000086780000, 0x00000000d5b80000)
  object space 87552K, 2% used [0x0000000081200000,0x00000000813f0208,0x0000000086780000)
 Metaspace       used 7562K, capacity 7720K, committed 7936K, reserved 1056768K
  class space    used 892K, capacity 922K, committed 1024K, reserved 1048576K
Event: 1.004 GC heap after
Heap after GC invocations=2 (full 0):
 PSYoungGen      total 71680K, used 5104K [0x00000000d5b80000, 0x00000000da680000, 0x0000000100000000)
  eden space 66560K, 0% used [0x00000000d5b80000,0x00000000d5b80000,0x00000000d9c80000)
  from space 5120K, 99% used [0x00000000da180000,0x00000000da67c040,0x00000000da680000)
  to   space 5120K, 0% used [0x00000000d9c80000,0x00000000d9c80000,0x00000000da180000)
 ParOldGen       total 87552K, used 34084K [0x0000000081200000, 0x0000000086780000, 0x00000000d5b80000)
  object space 87552K, 38% used [0x0000000081200000,0x00000000833492d0,0x0000000086780000)
 Metaspace       used 7562K, capacity 7720K, committed 7936K, reserved 1056768K
  class space    used 892K, capacity 922K, committed 1024K, reserved 1048576K
}
Event: 194.500 GC heap before
{Heap before GC invocations=3 (full 0):
 PSYoungGen      total 71680K, used 67890K [0x00000000d5b80000, 0x00000000da680000, 0x0000000100000000)
  eden space 66560K, 94% used [0x00000000d5b80000,0x00000000d98d0a80,0x00000000d9c80000)
  from space 5120K, 99% used [0x00000000da180000,0x00000000da67c040,0x00000000da680000)
  to   space 5120K, 0% used [0x00000000d9c80000,0x00000000d9c80000,0x00000000da180000)
 ParOldGen       total 87552K, used 34084K [0x0000000081200000, 0x0000000086780000, 0x00000000d5b80000)
  object space 87552K, 38% used [0x0000000081200000,0x00000000833492d0,0x0000000086780000)
 Metaspace       used 11169K, capacity 11320K, committed 11648K, reserved 1058816K
  class space    used 1264K, capacity 1312K, committed 1408K, reserved 1048576K
Event: 194.560 GC heap after
Heap after GC invocations=3 (full 0):
 PSYoungGen      total 71680K, used 5104K [0x00000000d5b80000, 0x00000000de780000, 0x0000000100000000)
  eden space 66560K, 0% used [0x00000000d5b80000,0x00000000d5b80000,0x00000000d9c80000)
  from space 5120K, 99% used [0x00000000d9c80000,0x00000000da17c020,0x00000000da180000)
  to   space 5120K, 0% used [0x00000000de280000,0x00000000de280000,0x00000000de780000)
 ParOldGen       total 87552K, used 72874K [0x0000000081200000, 0x0000000086780000, 0x00000000d5b80000)
  object space 87552K, 83% used [0x0000000081200000,0x000000008592aa08,0x0000000086780000)
 Metaspace       used 11169K, capacity 11320K, committed 11648K, reserved 1058816K
  class space    used 1264K, capacity 1312K, committed 1408K, reserved 1048576K
}
Event: 194.560 GC heap before
{Heap before GC invocations=4 (full 1):
 PSYoungGen      total 71680K, used 5104K [0x00000000d5b80000, 0x00000000de780000, 0x0000000100000000)
  eden space 66560K, 0% used [0x00000000d5b80000,0x00000000d5b80000,0x00000000d9c80000)
  from space 5120K, 99% used [0x00000000d9c80000,0x00000000da17c020,0x00000000da180000)
  to   space 5120K, 0% used [0x00000000de280000,0x00000000de280000,0x00000000de780000)
 ParOldGen       total 87552K, used 72874K [0x0000000081200000, 0x0000000086780000, 0x00000000d5b80000)
  object space 87552K, 83% used [0x0000000081200000,0x000000008592aa08,0x0000000086780000)
 Metaspace       used 11169K, capacity 11320K, committed 11648K, reserved 1058816K
  class space    used 1264K, capacity 1312K, committed 1408K, reserved 1048576K
Event: 194.655 GC heap after
Heap after GC invocations=4 (full 1):
 PSYoungGen      total 71680K, used 0K [0x00000000d5b80000, 0x00000000de780000, 0x0000000100000000)
  eden space 66560K, 0% used [0x00000000d5b80000,0x00000000d5b80000,0x00000000d9c80000)
  from space 5120K, 0% used [0x00000000d9c80000,0x00000000d9c80000,0x00000000da180000)
  to   space 5120K, 0% used [0x00000000de280000,0x00000000de280000,0x00000000de780000)
 ParOldGen       total 164864K, used 77110K [0x0000000081200000, 0x000000008b300000, 0x00000000d5b80000)
  object space 164864K, 46% used [0x0000000081200000,0x0000000085d4db40,0x000000008b300000)
 Metaspace       used 11167K, capacity 11318K, committed 11648K, reserved 1058816K
  class space    used 1263K, capacity 1311K, committed 1408K, reserved 1048576K
}

